This is pdfTeX, Version 3.14159265-2.6-1.40.16 (TeX Live 2015) (preloaded format=pdflatex 2015.12.13)  1 JAN 2016 22:19
entering extended mode
 restricted \write18 enabled.
 file:line:error style messages enabled.
 %&-line parsing enabled.
**moderncvbodyi.sty
(./moderncvbodyi.sty
LaTeX2e <2015/01/01>
Babel <3.9l> and hyphenation patterns for 79 languages loaded.

LaTeX Warning: You have requested package `',
               but the package provides `moderncvbodyi'.

Package: moderncvbodyi 2015/07/28 v2.0.0 modern curriculum vitae and letter bod
y variant: 1

./moderncvbodyi.sty:25: LaTeX Error: \sectionfont undefined.

See the LaTeX manual or LaTeX Companion for explanation.
Type  H <return>  for immediate help.
 ...                                              
                                                  
l.25 \renewcommand*{\sectionfont}
                                 {\Large\mdseries\upshape}
? 
./moderncvbodyi.sty:25: Emergency stop.
 ...                                              
                                                  
l.25 \renewcommand*{\sectionfont}
                                 {\Large\mdseries\upshape}
Try typing  <return>  to proceed.
If that doesn't work, type  X <return>  to quit.

 
Here is how much of TeX's memory you used:
 9 strings out of 493089
 302 string characters out of 6134841
 53199 words of memory out of 5000000
 3592 multiletter control sequences out of 15000+600000
 3640 words of font info for 14 fonts, out of 8000000 for 9000
 1141 hyphenation exceptions out of 8191
 7i,0n,5p,127b,14s stack positions out of 5000i,500n,10000p,200000b,80000s
./moderncvbodyi.sty:25:  ==> Fatal error occurred, no output PDF file produced!

